Error adding: April
Error adding: August
Error adding: Art
Error adding: A
Error adding: Air
Error adding: Autonomous communities of Spain
Error adding: Alan Turing
Error adding: Alanis Morissette
Error adding: Adobe Illustrator
Error adding: Andouille
Committed for the 1th time!
Parse Time: 10.329s
Commit Time: 0.003s
Error adding: Farming
Error adding: Arithmetic
Error adding: Addition
Error adding: Albigensian
Error adding: Australia
Error adding: American English
Error adding: Aquaculture
Error adding: Abbreviation
Error adding: Angel
Error adding: Ad hominem
Committed for the 2th time!
Parse Time: 9.547s
Commit Time: 0.002s
Error adding: Native American
Error adding: Apple
Error adding: American Units Of Measurement
Error adding: Abrahamic religion
Error adding: Algebra
Error adding: As
Error adding: Atom
Error adding: Astronomy
Error adding: Architecture
Error adding: Anatomy
Committed for the 3th time!
Parse Time: 13.308s
Commit Time: 0.002s
Error adding: Asteroid
Error adding: Afghanistan
Error adding: Angola
Error adding: Argentina
Error adding: Austria
Error adding: Armenia
Error adding: Archaeology
Error adding: Application
Error adding: Animalia
Error adding: Animal
Committed for the 4th time!
Parse Time: 12.905s
Commit Time: 0.002s
Error adding: Acceleration
Error adding: Black pudding
Error adding: Boot device
Error adding: Boot
Error adding: Bankruptcy
Error adding: Breakfast sausage
Error adding: Browser
Error adding: Beekeeping
Error adding: British English
Error adding: Being
Committed for the 5th time!
Parse Time: 3.508s
Commit Time: 0.002s
Error adding: Bootstrap
Error adding: Bootlace
Error adding: Beijing
Error adding: Bottle
Error adding: Berry
Error adding: Boil
Error adding: Beard
Error adding: Black
Error adding: Bubonic plague
Error adding: Biology
Committed for the 6th time!
Parse Time: 6.939s
Commit Time: 0.002s
Error adding: Botany
Error adding: Belgium
Error adding: Brazil
Error adding: Britain
Error adding: Chemistry
Error adding: Compound
Error adding: Computer science
Error adding: Computer
Error adding: Chinese
Error adding: Continent
Committed for the 7th time!
Parse Time: 13.623s
Commit Time: 0.002s
Error adding: Classical Elements
Error adding: Classical element
Error adding: China
Error adding: Country
Error adding: Colchester
Error adding: Cartography
Error adding: Creator
Error adding: Contact network
Error adding: Chorizo
Error adding: Creativity
Committed for the 8th time!
Parse Time: 3.400s
Commit Time: 0.002s
Error adding: Catharism
Error adding: Cosmology
Error adding: Church (building)
Error adding: Cities
Error adding: City
Error adding: Cooking
Error adding: Chat
Error adding: Cup
Error adding: Crime
Error adding: Countries
Committed for the 9th time!
Parse Time: 6.401s
Commit Time: 0.002s
Error adding: Time Cube
Error adding: Census of Marine Life
Error adding: Maize
Error adding: Civics
Error adding: Calculus
Error adding: Coin
Error adding: Control Paradigm
Error adding: Conceptual metaphor
Error adding: Crust
Error adding: Comedy
Committed for the 10th time!
Parse Time: 5.403s
Commit Time: 0.002s
Error adding: Comet
Error adding: Cytology
Error adding: Christian
Error adding: Cheese
Error adding: Constitution
Error adding: Circle
Error adding: Capitalization
Error adding: Capitalize
Error adding: Cuba
Error adding: Cube
Committed for the 11th time!
Parse Time: 11.293s
Commit Time: 0.002s
Error adding: Cost of living
Error adding: December
Error adding: Dublin
Error adding: Dance
Error adding: Dissolution of the monasteries
Error adding: Data Device
Error adding: Deadline
Error adding: Dutton's Speedwords
Error adding: Devil
Error adding: Diarrhea
Committed for the 12th time!
Parse Time: 5.574s
Commit Time: 0.002s
Error adding: Dimension
Error adding: Dimensions
Error adding: Distance
Error adding: Depth
Error adding: Dictionary
Error adding: Definition
Error adding: Denmark
Error adding: Death
Error adding: Diesel-electric
Error adding: Degree (geometry)
Committed for the 13th time!
Parse Time: 6.948s
Commit Time: 0.002s
Error adding: Elements
Error adding: Embassy
Error adding: Europe
Error adding: Encyclopedia
Error adding: Earth science
Error adding: Earth
Error adding: Etc.
Error adding: Et cetera
Error adding: Experiments
Error adding: Experiment
Committed for the 14th time!
Parse Time: 11.593s
Commit Time: 0.002s
Error adding: Etc
Error adding: Ethics
Error adding: E Prime
Error adding: English As A Second Language
Error adding: Einstein on the Beach
Error adding: English
Error adding: Ethnic group
Error adding: ESL
Error adding: Ewe
Error adding: EAL
Committed for the 15th time!
Parse Time: 2.677s
Commit Time: 0.002s
Error adding: Ebola virus
Error adding: Ecology
Error adding: Economics
Error adding: Chemical element
Error adding: Egypt
Error adding: Everything2
Error adding: Editor
Error adding: Ecological yield
Error adding: Experience economy
Error adding: Execution
Committed for the 16th time!
Parse Time: 9.278s
Commit Time: 0.002s
Error adding: Flesch Reading Ease
Error adding: Flesch-Kincaid Reading Level
Error adding: Fog Index
Error adding: February
Error adding: FAQ
Error adding: Flaming
Error adding: Flame (disambiguation)
Error adding: Freedom
Error adding: Financial capital
Error adding: Fecund universes
Committed for the 17th time!
Parse Time: 2.092s
Commit Time: 0.002s
Error adding: Food
Error adding: Fine
Error adding: Frying
Error adding: Fish
Error adding: Foot
Error adding: France
Error adding: Finland
Error adding: Fruit
Error adding: Farm
Error adding: Geography
Committed for the 18th time!
Parse Time: 15.299s
Commit Time: 0.002s
Error adding: Good
Error adding: Goodness
Error adding: Grammar
Error adding: Great Lakes
Error adding: GNU Free Documentation License
Error adding: GFDL
Error adding: Glass
Error adding: God
Error adding: Ghost
Error adding: Green
Committed for the 19th time!
Parse Time: 14.019s
Commit Time: 0.002s
Error adding: God's eye view
Error adding: Google
Error adding: Gallon
Error adding: Government
Error adding: Galaxy
Error adding: Geometry
Error adding: Graph theory
Error adding: Goatee
Error adding: Herm
Error adding: History
Committed for the 20th time!
Parse Time: 15.043s
Commit Time: 0.002s
Error adding: Health
Error adding: Harbor
Error adding: Hawaii
Error adding: Honolulu
Error adding: Hawaii (island)
Error adding: Hawaii Ponoi
Error adding: Healing
Error adding: Hard Science
Error adding: History of Australia
Error adding: History of Spain
Committed for the 21th time!
Parse Time: 10.429s
Commit Time: 0.002s
Error adding: Height
Error adding: Historian
Error adding: Human death
Error adding: Human body
Error adding: Hydrogen
Error adding: Helium
Error adding: Home page
Error adding: Hair
Error adding: Ireland
Error adding: Internet
Committed for the 22th time!
Parse Time: 15.844s
Commit Time: 0.002s
Error adding: Italy
Error adding: If
Error adding: Immigrants
Error adding: Island
Error adding: Immigrant
Error adding: Interim
Error adding: Idiom
Error adding: IELTS
Error adding: International English Language Testing System
Error adding: Ink
Committed for the 23th time!
Parse Time: 5.084s
Commit Time: 0.002s
Error adding: Inch
Error adding: Imperial Gallon
Error adding: Imperial Cup
Error adding: Pint
Error adding: Ingenuity
Error adding: Italian
Error adding: Italians
Error adding: ISO 19011
Error adding: India
Error adding: Insult
Committed for the 24th time!
Parse Time: 2.027s
Commit Time: 0.002s
Error adding: Immunology
Error adding: Infinity
Error adding: January
Error adding: June
Error adding: July
Error adding: Japan
Error adding: Jargon
Error adding: Jupiter
Error adding: King
Committed for the 25th time!
Parse Time: 7.143s
Commit Time: 0.002s
Error adding: Knowledge
Error adding: Kauai
Error adding: Kahoolawe
Error adding: Killing
Error adding: Kilometre
Error adding: Kilometer
Error adding: Language
Error adding: Life science
Error adding: Leisure
Error adding: Live
Committed for the 26th time!
Parse Time: 4.341s
Commit Time: 0.002s
Error adding: Life
Error adding: Law
Error adding: Ludwik Lejzer Zamenhof
Error adding: L. L. Zamenhof
Error adding: Latin Language
Error adding: List of countries
Error adding: Provinces and territories of Canada
Error adding: Las Vegas
Error adding: Lanai
Error adding: Leap year
Committed for the 27th time!
Parse Time: 11.945s
Commit Time: 0.002s
Error adding: Leather
Error adding: License
Error adding: Link
Error adding: Library
Error adding: List of mathematics topics
Error adding: Like
Error adding: List of common elements
Error adding: Political divisions of China
Error adding: List of fruits
Error adding: Legislature
Committed for the 28th time!
Parse Time: 4.141s
Commit Time: 0.002s
Error adding: Linear algebra
Error adding: London
Error adding: Litre
Error adding: Lime
Error adding: Mathematics
Error adding: March
Error adding: May
Error adding: Music
Error adding: Madrid
Error adding: Montreal
Committed for the 29th time!
Parse Time: 10.630s
Commit Time: 0.002s
Error adding: Macadamia Nuts
Error adding: Macadamia nut
Error adding: Maui
Error adding: Molokai
Error adding: Money
Error adding: Multiplication
Error adding: Microsoft
Error adding: Windows
Error adding: Islamic world
Error adding: Multiverse
Committed for the 30th time!
Parse Time: 7.055s
Commit Time: 0.002s
Error adding: Models of our universe
Error adding: Mechanistic paradigm
Error adding: MediaWiki
Error adding: Mediawiki
Error adding: First language
Error adding: Models of nature
Error adding: Mustache
Error adding: Mile
Error adding: Margarine
Error adding: Milky Way
Committed for the 31th time!
Parse Time: 3.361s
Commit Time: 0.002s
Error adding: Math
Error adding: Movement
Error adding: Metaphor
Error adding: Metabolism
Error adding: Microscope
Error adding: Mass
Error adding: Mercury (planet)
Error adding: Mars
Error adding: Mac OS
Error adding: Apple Macintosh
Committed for the 32th time!
Parse Time: 8.822s
Commit Time: 0.002s
Error adding: Metre
Error adding: Magnifying glass
Error adding: Molecule
Error adding: Moral reasoning
Error adding: Mosque
Error adding: Mammal
Error adding: Number
Error adding: Numeral
Error adding: November
Error adding: National anthem
Committed for the 33th time!
Parse Time: 6.681s
Commit Time: 0.002s
Error adding: Name
Error adding: Niihau
Error adding: Nēnē
Error adding: Network
Error adding: Non-profit
Error adding: Fishing net
Error adding: Internet slang
Error adding: NGO
Error adding: Nauru
Error adding: Noun
Committed for the 34th time!
Parse Time: 5.580s
Commit Time: 0.002s
Error adding: Nature
Error adding: Natural
Error adding: NPO
Error adding: Natural resource
Error adding: Negentropy
Error adding: Negentropic
Error adding: North America
Error adding: Neptune
Error adding: Nearctic Ecozone
Error adding: Negative
Committed for the 35th time!
Parse Time: 6.624s
Commit Time: 0.002s
Error adding: Now
Error adding: New York City
Error adding: Nonsense
Error adding: No Sense
Error adding: October
Error adding: Of
Error adding: 1 (number)
Error adding: O Canada
Error adding: Oahu
Error adding: Open content
Committed for the 36th time!
Parse Time: 4.132s
Commit Time: 0.002s
Error adding: Our Universe
Error adding: Orthography
Error adding: Oil
Error adding: OK
Error adding: Ok
Error adding: Okay
Error adding: Oxymoron
Error adding: Operating system
Error adding: Philosophy
Error adding: Physics
Committed for the 37th time!
Parse Time: 10.626s
Commit Time: 0.002s
Error adding: Politics
Error adding: Value (personal and cultural)
Error adding: Profanity
Error adding: Proof
Error adding: People's Republic of China
Error adding: Power structure
Error adding: Psychoneuroimmunology
Error adding: Political party
Error adding: Page
Error adding: Pet
Committed for the 38th time!
Parse Time: 10.404s
Commit Time: 0.002s
Error adding: Product
Error adding: Phase 3
Error adding: Program
Error adding: PRC
Error adding: Platonic realism
Error adding: Paradox
Error adding: Potato
Error adding: Plant
Error adding: Plantae
Error adding: Prediction
Committed for the 39th time!
Parse Time: 5.379s
Commit Time: 0.002s
Error adding: Probability
Error adding: Probability experiment
Error adding: Protein
Error adding: Periodic table
Error adding: Physiology
Error adding: Planet
Error adding: Political problems of China
Error adding: Police
Error adding: Pi
Error adding: Proper noun
Committed for the 40th time!
Parse Time: 9.789s
Commit Time: 0.002s
Error adding: Plastic
Error adding: Product stewardship
Error adding: Peace
Error adding: Quebec
Error adding: Romans
Error adding: Reading
Error adding: Religion
Error adding: Roman
Error adding: Rudyard Kipling
Error adding: Recreation
Committed for the 41th time!
Parse Time: 8.695s
Commit Time: 0.002s
Error adding: Red
Error adding: Raw food
Error adding: Ram
Error adding: Roman Empire
Error adding: Regime
Error adding: River
Error adding: Right angle
Error adding: Reward
Error adding: Ranch
Error adding: Sport utility vehicle
Committed for the 42th time!
Parse Time: 7.428s
Commit Time: 0.002s
Error adding: Substance
Error adding: Symbol
Error adding: September
Error adding: Sound
Error adding: Sports
Error adding: Social
Error adding: Society
Error adding: Suggestion
Error adding: Spache Readability Formula
Error adding: Sport
Committed for the 43th time!
Parse Time: 5.235s
Commit Time: 0.002s
Error adding: Science
Error adding: Saint Lawrence River
Error adding: Seville
Error adding: Salami
Error adding: Special English
Error adding: Sausage
Error adding: Speedwords
Error adding: Speedword
Error adding: Slang
Error adding: Social contract
Committed for the 44th time!
Parse Time: 5.774s
Commit Time: 0.002s
Error adding: Social capital
Error adding: Site
Error adding: Subtraction
Error adding: String theory
Error adding: Scientist
Error adding: Soapbox
Error adding: Supernatural
Error adding: Spirit
Error adding: Seed
Error adding: Sail
Committed for the 45th time!
Parse Time: 4.060s
Commit Time: 0.002s
Error adding: Spanish
Error adding: Sheep
Error adding: Skin
Error adding: Search engine
Error adding: Sabbath in Christianity
Error adding: Statistics
Error adding: Speed
Error adding: Server log
Error adding: Server
Error adding: Simile
Committed for the 46th time!
Parse Time: 4.116s
Commit Time: 0.002s
Error adding: State
Error adding: Stream
Error adding: Solar System
Error adding: Saturn
Error adding: Slavery
Error adding: Soul
Error adding: Systeme internationale
Error adding: Soap
Error adding: Snapshot Algebra
Error adding: Summary
Committed for the 47th time!
Parse Time: 8.498s
Commit Time: 0.002s
Error adding: Service economy
Error adding: Sense
Error adding: Synagogue
Error adding: Scarcity
Error adding: Steal
Error adding: Readability
Error adding: Theatre
Error adding: Test
Error adding: Time horizon
Error adding: Time limit
Committed for the 48th time!
Parse Time: 3.425s
Commit Time: 0.002s
Error adding: Taiwan
Error adding: Trademark
Error adding: Terrestrial ecoregion
Error adding: Ten Commandments
Error adding: Table
Error adding: Tree
Error adding: Tragedy
Error adding: Taxonomy
Error adding: The Sun
Error adding: Temple
Committed for the 49th time!
Parse Time: 5.906s
Commit Time: 0.002s
Error adding: Theft
Error adding: United Kingdom
Error adding: Universe
Error adding: USA
Error adding: UK
Error adding: Unit of measurement
Error adding: US Foot
Error adding: US Yard
Error adding: United States customary units
Error adding: US gallon
Committed for the 50th time!
Parse Time: 5.419s
Commit Time: 0.002s
Error adding: US Cup
Error adding: US Pound
Error adding: Uranus
Error adding: University
Error adding: Unix
Error adding: Value
Error adding: Volapük
Error adding: Vocabulary
Error adding: Vegetable oil
Error adding: Verb
Committed for the 51th time!
Parse Time: 4.791s
Commit Time: 0.002s
Error adding: Volume
Error adding: Venus
Error adding: Vatican City
Error adding: Velocity
Error adding: Virtual community
Error adding: World Wide Web
Error adding: Wiki
Error adding: Website
Error adding: Word
Error adding: Web browser
Committed for the 52th time!
Parse Time: 12.413s
Commit Time: 0.002s
Error adding: Web
Error adding: Weblog
Error adding: Webpage
Error adding: Webzine
Error adding: Wiktionary
Error adding: Microsoft Windows
Error adding: Window
Error adding: Wikimedia
Error adding: Wikipedias
Error adding: Wine
Committed for the 53th time!
Parse Time: 4.021s
Commit Time: 0.002s
Error adding: WWW
Error adding: Width
Error adding: Web Site
Error adding: Water
Error adding: Want
Error adding: Web server
Error adding: War
Error adding: Yiddish
Error adding: Year
Error adding: You
Committed for the 54th time!
Parse Time: 6.841s
Commit Time: 0.002s
Error adding: Yard (disambiguation)
Error adding: Chinese language
Error adding: Zero
Error adding: Zamenhof
Error adding: Zoology
Error adding: Zinc
Error adding: Zebra
Error adding: Zoo
Error adding: HomePage
Error adding: Boot Device
Committed for the 55th time!
Parse Time: 6.005s
Commit Time: 0.002s
Error adding: Cubic Time
Error adding: History Of Spain
Error adding: Basic English International Wordlist
Error adding: Breakfast Sausage
Error adding: Human Body
Error adding: Classical Element
Error adding: Copyright
Error adding: English As An Additional Language
Error adding: Human Death
Error adding: Dissolution Of The Monasteries
Committed for the 56th time!
Parse Time: 4.259s
Commit Time: 0.002s
Error adding: God's Eye View
Error adding: Linear Algebra
Error adding: Net Jargon
Error adding: Units Of Measurement
Error adding: Political Party
Error adding: Leap Year
Error adding: Life Science
Error adding: List Of Countries
Error adding: List Of Mathematics Topics
Error adding: US Units Of Measurement
Committed for the 57th time!
Parse Time: 0.072s
Commit Time: 0.001s
Error adding: Blood Sausage
Error adding: Compounds
Error adding: Cost Of Living
Error adding: Simple English GFDL
Error adding: History Of Australia
Error adding: Macadamia Nut
Error adding: Magnifying Glass
Error adding: List Of Fruits
Error adding: List Of Canadian Provinces And Territories
Error adding: List Of Provinces Of China
Committed for the 58th time!
Parse Time: 0.065s
Commit Time: 0.001s
Error adding: List Of Common Elements
Error adding: List Of 1000 Basic Words
Error adding: Ethnic Group
Error adding: Financial Capital
Error adding: Einstein On The Beach
Error adding: Degrees
Error adding: Basic English Alphabetical Wordlist
Error adding: Autonomous Communities Of Spain
Error adding: Basic English international wordlist
Error adding: List Of 1000 basic words
Committed for the 59th time!
Parse Time: 0.061s
Commit Time: 0.002s
Error adding: Maths
Error adding: Mechanistic Paradigm
Error adding: Metric System
Error adding: Models Of Nature
Error adding: Republic of China
Error adding: Natural Resource
Error adding: Non-Profit
Error adding: Mother Tongue
Error adding: Models Of Our Universe
Error adding: Moral Reasoning
Committed for the 60th time!
Parse Time: 1.069s
Commit Time: 0.002s
Error adding: Virtual Community
Error adding: Vegetable Oil
Error adding: Time Horizon
Error adding: Textual Difficulty
Error adding: Terrestrial Ecoregion
Error adding: Social Capital
Error adding: Physical science
Error adding: Political Problems Of China
Error adding: Power Structure
Error adding: Product Stewardship
Committed for the 61th time!
Parse Time: 0.064s
Commit Time: 0.001s
Error adding: Operating System
Error adding: Probability Experiment
Error adding: Right Angle
Error adding: Server Log
Error adding: Sports Utility Vehicle
Error adding: String Theory
Error adding: Web Browser
Error adding: Volapuk
Error adding: Simple English
Error adding: Social Contract
Committed for the 62th time!
Parse Time: 0.176s
Commit Time: 0.002s
Error adding: United States Of America
Error adding: Proper Noun
Error adding: Periodic Table
Error adding: Open Content
Error adding: Search Engine
Error adding: WikiWiki
Error adding: Text Of The GNU Free Documentation License
Error adding: Time Limit
Error adding: US Gallon
Error adding: Asteriod
Committed for the 63th time!
Parse Time: 0.102s
Commit Time: 0.001s
Error adding: List Of mathematics topics
Error adding: Graph Theory
Error adding: Dissolution Of the monasteries
Error adding: Abrahamic Religion
Error adding: American Indian
Error adding: Archeology
Error adding: Ad Hominem
Error adding: Census Of Marine Life
Error adding: Fecund Universes
Error adding: Bubonic Plague
Committed for the 64th time!
Parse Time: 0.065s
Commit Time: 0.002s
Error adding: People's Republic Of China
Error adding: Service Economy
Error adding: Jail
Error adding: Gaol
Error adding: Prison
Error adding: Mexico
Error adding: Atlantic Ocean
Error adding: Mercury
Error adding: Mercury (element)
Error adding: Africa
Committed for the 65th time!
Parse Time: 8.582s
Commit Time: 0.002s
Error adding: Butter
Error adding: Old calendar
Error adding: Cold War
Error adding: Japanese Empire
Error adding: Peer Review
Error adding: Mainland China
Error adding: Endogenetic process
Error adding: Capital city
Error adding: Faulting
Error adding: Climate
Committed for the 66th time!
Parse Time: 10.247s
Commit Time: 0.002s
Error adding: Fold (geology)
Error adding: Volcanism
Error adding: Hyperlink
Error adding: Pacific Ocean
Error adding: Antarctica
Error adding: South Pole
Error adding: Indian Ocean
Error adding: Intrusive vulcanicity
Error adding: Arctic Ocean
Error adding: Inuit
Committed for the 67th time!
Parse Time: 7.911s
Commit Time: 0.002s
Error adding: Aboriginal American
Error adding: Alaskan Native
Error adding: Basket
Error adding: Software
Error adding: Container
Error adding: South America
Error adding: Bed
Error adding: Web site
Error adding: Asia
Error adding: Wall
Committed for the 68th time!
Parse Time: 5.920s
Commit Time: 0.002s
Error adding: Current events
Error adding: Coordinated Universal Time
Error adding: Television
Error adding: Earth Science
Error adding: Sociology
Error adding: Sky
Error adding: ZhongWen
Error adding: Tone language
Error adding: Tonal language
Error adding: Dollar
Committed for the 69th time!
Parse Time: 5.205s
Commit Time: 0.002s
Error adding: Encyclopædia
Error adding: Encyclopaedia
Error adding: Beer
Error adding: IP address
Error adding: Eurasia
Error adding: North Pole
Error adding: Plural
Error adding: Et Cetera
Error adding: Alexander Gode
Error adding: Oceania
Committed for the 70th time!
Parse Time: 4.694s
Commit Time: 0.002s
Error adding: Southern Ocean
Error adding: Web Server
Error adding: Catalan language
Error adding: Home Page
Error adding: Australasia (team)
Error adding: Die
Error adding: Corset
Error adding: Pop music
Error adding: General semantics
Error adding: Semiotics
Committed for the 71th time!
Parse Time: 3.717s
Commit Time: 0.002s
Error adding: Nitrogen
Error adding: Association football
Error adding: Spamming
Error adding: Votes for deletion
Error adding: Earthquake
Error adding: Colour
Error adding: Creative Network
Error adding: Contact Network
Error adding: Scurvy
Error adding: Ion
Committed for the 72th time!
Parse Time: 17.264s
Commit Time: 0.002s
Error adding: IMHO
Error adding: Cognitive science
Error adding: Moons
Error adding: People
Error adding: Little
Error adding: Small
Error adding: Logical
Error adding: Anthropology
Error adding: Defense (military)
Error adding: Education
Committed for the 73th time!
Parse Time: 3.776s
Commit Time: 0.002s
Error adding: Person
Error adding: Army
Error adding: Net jargon
Error adding: Teaching
Error adding: Educate
Error adding: Theology
Error adding: Work
Error adding: Romania
Error adding: Defence
Error adding: Argon
Committed for the 74th time!
Parse Time: 2.718s
Commit Time: 0.002s
Error adding: Trade
Error adding: European Union
Error adding: Greece
Error adding: Athens, Greece
Error adding: Sweden
Error adding: Capital
Error adding: Albert Einstein
Error adding: Euro
Error adding: Currency
Error adding: Mercure
Committed for the 75th time!
Parse Time: 9.960s
Commit Time: 0.002s
Error adding: Radio telescope
Error adding: Light year
Error adding: €
Error adding: Market place
Error adding: Market Place
Error adding: Homepage
Error adding: Korea
Error adding: English as a second language
Error adding: Switzerland
Error adding: LOL
Committed for the 76th time!
Parse Time: 6.742s
Commit Time: 0.002s
Error adding: Btw
Error adding: Toronto
Error adding: Names of numbers in English
Error adding: United States dollar
Error adding: US dollar
Error adding: Fluid ounce
Error adding: Shape of the universe
Error adding: Meteor shower
Error adding: Cat
Error adding: Engineering
Committed for the 77th time!
Parse Time: 7.878s
Commit Time: 0.002s
Error adding: Communication
Error adding: Miracle
Error adding: UTC
Error adding: IRL
Error adding: Kami
Error adding: Cardboard
Error adding: Volcanic activity
Error adding: Igneous activity
Error adding: English language
Error adding: Trier
Committed for the 78th time!
Parse Time: 6.436s
Commit Time: 0.002s
Error adding: Turkey
Error adding: Thomm
Error adding: Moselle
Error adding: Moselle river
Error adding: Bible
Error adding: Bavaria
Error adding: Rome
Error adding: Carnivore
Error adding: Cologne
Error adding: Senegal
Committed for the 79th time!
Parse Time: 11.788s
Commit Time: 0.002s
Error adding: Developmental biology
Error adding: Solidarity
Error adding: 1924
Error adding: 1929
Error adding: 1920s
Error adding: Outer space
Error adding: Natural satellite
Error adding: Gravity
Error adding: Centripetal force
Error adding: Treaty
Committed for the 80th time!
Parse Time: 7.636s
Commit Time: 0.002s
Error adding: Luxembourg
Error adding: Baden-Württemberg
Error adding: Vienna
Error adding: 1925
Error adding: Telescope
Error adding: Homonym
Error adding: Principal
Error adding: Peru
Error adding: States of Germany
Error adding: Munich
Committed for the 81th time!
Parse Time: 8.234s
Commit Time: 0.002s
Error adding: Berlin
Error adding: 1930s
Error adding: 1940s
Error adding: 1950s
Error adding: Hamburg
Error adding: Emphysema
Error adding: Oxygen
Error adding: Blood
Error adding: 1960s
Error adding: 1970s
Committed for the 82th time!
Parse Time: 11.447s
Commit Time: 0.002s
Error adding: 1980s
Error adding: 1990s
Error adding: North Rhine-Westphalia
Error adding: Computer program
Error adding: Data
Error adding: 2000s (decade)
Error adding: Stuttgart
Error adding: Schwerin
Error adding: Canton of Schwyz
Error adding: Russia
Committed for the 83th time!
Parse Time: 7.169s
Commit Time: 0.002s
Error adding: Moscow
Error adding: Canton of St. Gallen
Error adding: Canton
Error adding: Saarland
Error adding: Bundesland
Error adding: 1974
Error adding: Mars (disambiguation)
Error adding: Jupiter (disambiguation)
Error adding: Venus (disambiguation)
Error adding: Saturn (disambiguation)
Committed for the 84th time!
Parse Time: 3.361s
Commit Time: 0.002s
Error adding: Uranus (disambiguation)
Error adding: Neptune (disambiguation)
Error adding: Pluto (disambiguation)
Error adding: Iceland
Error adding: 1965
Error adding: 1969
Error adding: Saarbrücken
Error adding: Saarlouis
Error adding: Brandenburg
Error adding: Russian
Committed for the 85th time!
Parse Time: 5.268s
Commit Time: 0.002s
Error adding: Russian language
Error adding: 1978
Error adding: 1982
Error adding: Professor
Error adding: Slope
Error adding: California
Error adding: Propaganda
Error adding: Topology
Error adding: 1933
Error adding: Los Angeles
Committed for the 86th time!
Parse Time: 10.159s
Commit Time: 0.002s
Error adding: Census
Error adding: Star
Error adding: List of U.S. states
Error adding: DUI
Error adding: Driving under the influence
Error adding: Drunk driving
Error adding: Creative Commons
Error adding: HTML
Error adding: Leg
Error adding: Economic sector
Committed for the 87th time!
Parse Time: 7.156s
Commit Time: 0.002s
Error adding: Yellow
Error adding: Plymouth Argyle F.C.
Error adding: Football
Error adding: Poland
Error adding: Liter
Error adding: England
Error adding: Wales
Error adding: Scotland
Error adding: Northern Ireland
Error adding: Great Britain
Committed for the 88th time!
Parse Time: 13.297s
Commit Time: 0.002s
Error adding: List of English football teams
Error adding: Scottish Football League
Error adding: List of French football teams
Error adding: 1967
Error adding: List of German football teams
Error adding: List of Italian football teams
Error adding: List of Spanish football teams
Error adding: Welsh League
Error adding: Arsenal F.C.
Error adding: Aston Villa F.C.
Committed for the 89th time!
Parse Time: 7.852s
Commit Time: 0.002s
Error adding: Birmingham City F.C.
Error adding: None
Error adding: Bolton Wanderers F.C.
Error adding: Charlton Athletic F.C.
Error adding: Chelsea F.C.
Error adding: Everton F.C.
Error adding: Fulham F.C.
Error adding: Liverpool F.C.
Error adding: Manchester City F.C.
Error adding: Manchester United F.C.
Committed for the 90th time!
Parse Time: 7.607s
Commit Time: 0.002s
Error adding: Middlesbrough F.C.
Error adding: Newcastle United F.C.
Error adding: Portsmouth F.C.
Error adding: Tottenham Hotspur F.C.
Error adding: Drink driving
Error adding: Derby County F.C.
Error adding: Ipswich Town F.C.
Error adding: Sunderland A.F.C.
Error adding: West Bromwich Albion F.C.
Error adding: West Ham United F.C.
Committed for the 91th time!
Parse Time: 3.868s
Commit Time: 0.002s
Error adding: Wigan Athletic F.C.
Error adding: Wimbledon F.C.
Error adding: Accrington Stanley F.C.
Error adding: Telford United F.C.
Error adding: A.F.C. Wimbledon
Error adding: Sheffield F.C.
Error adding: Asteroid belt
Error adding: Asteroid field
Error adding: Essen
Error adding: Gardening
Committed for the 92th time!
Parse Time: 2.841s
Commit Time: 0.002s
Error adding: Democracy
Error adding: Game
Error adding: Games
Error adding: Nebraska
Error adding: Time
Error adding: Force
Error adding: Laboratory techniques
Error adding: International System of Units
Error adding: Systeme Internationale
Error adding: System international
Committed for the 93th time!
Parse Time: 8.405s
Commit Time: 0.002s
Error adding: System International
Error adding: Lake Michigan
Error adding: Gas syringe
Error adding: Sports utility vehicle
Error adding: Apiculture
Error adding: Mixture
Error adding: Language family
Error adding: Chess
Error adding: Gold
Error adding: Century
Committed for the 94th time!
Parse Time: 4.466s
Commit Time: 0.002s
Error adding: SI base unit
Error adding: Meter
Error adding: Kilogram
Error adding: Feet
Error adding: Second
Error adding: Anthropologist
Error adding: Orange (color)
Error adding: Basque Country (greater region)
Error adding: M-theory
Error adding: Jaguar Cars
Committed for the 95th time!
Parse Time: 4.508s
Commit Time: 0.002s
Error adding: Scientific method
Error adding: Plymouth Argyle F
Error adding: Gas
Error adding: Family
Error adding: Wave (physics)
Error adding: Weapon
Error adding: Christmas cake
Error adding: Christmas cracker
Error adding: Fingerplate
Error adding: Floodlight
Committed for the 96th time!
Parse Time: 6.510s
Commit Time: 0.002s
Error adding: Headrest
Error adding: Inkpad
Error adding: Jack-in-the-box
Error adding: Chritmas cake
Error adding: London boroughs
Error adding: City of London
Error adding: City of Westminster
Error adding: London Borough of Lambeth
Error adding: London Borough of Southwark
Error adding: London Borough of Camden
Committed for the 97th time!
Parse Time: 1.066s
Commit Time: 0.002s
Error adding: None
Error adding: Brixton
Error adding: Bankside
Error adding: River Thames
Error adding: Queen
Error adding: Male
Error adding: Female
Error adding: Camden
Error adding: Royal Borough of Greenwich
Error adding: London Borough of Wandsworth
Committed for the 98th time!
Parse Time: 3.736s
Commit Time: 0.002s
Error adding: London Borough of Islington
Error adding: Bambuco
Error adding: Christmas
Error adding: Adjective
Error adding: Paper
Error adding: Materials
Error adding: Physical power
Error adding: Power
Error adding: States of matter
Error adding: Perimeter
Committed for the 99th time!
Parse Time: 7.559s
Commit Time: 0.002s
Error adding: Nation
Error adding: Matrix
Error adding: Metal
Error adding: German
Error adding: Indonesia
Error adding: Properties
Error adding: Property
Error adding: Crusade
Error adding: Renegades
Error adding: NEWI Cefn Druids F.C.
Committed for the 100th time!
Parse Time: 7.468s
Commit Time: 0.002s
Error adding: Aberystwyth Town F.C.
Error adding: German language
Error adding: Flexsys Cefn Druids F.C.
Error adding: Mississippi River
Error adding: Tributary
Error adding: Missouri River
Error adding: Meaning of life
Error adding: Drainage basin
Error adding: Great Plains
Error adding: Mythology
Committed for the 101th time!
Parse Time: 6.019s
Commit Time: 0.002s
Error adding: Minnesota River
Error adding: List of mythologies
Error adding: Wisconsin River
Error adding: Alaska
Error adding: Sculpting
Error adding: American English spelling
Error adding: British English spelling
Error adding: BBC
Error adding: Illinois River
Error adding: Milk
Committed for the 102th time!
Parse Time: 5.848s
Commit Time: 0.002s
Error adding: Weather
Error adding: Opera (browser)
Error adding: British Columbia
Error adding: Email
Error adding: 20th century
Error adding: Brussels
Error adding: Thuringia
Error adding: Saxony
Error adding: National Anthem
Error adding: Internet Explorer
Committed for the 103th time!
Parse Time: 6.569s
Commit Time: 0.002s
Error adding: Ulster
Error adding: List of mathematicians
Error adding: Mancala
Error adding: Coden, Alabama
Error adding: Platypus
Error adding: Kenya
Error adding: Swahili language
Error adding: Long jump
Error adding: Elizabeth II
Error adding: Question
Committed for the 104th time!
Parse Time: 6.130s
Commit Time: 0.002s
Error adding: Boss
Error adding: Gun
Error adding: New York
Error adding: World Trade Centre
Error adding: Hobby
Error adding: World Trade Center (1973–2001)
Error adding: Hour
Error adding: Minute
Error adding: Coat
Error adding: Study skills
Committed for the 105th time!
Parse Time: 4.296s
Commit Time: 0.002s
Error adding: Head
Error adding: Norway
Error adding: Albania
Error adding: Hungary
Error adding: Netherlands
Error adding: Ukraine
Error adding: Liechtenstein
Error adding: Portugal
Error adding: Slovakia
Error adding: Slovenia
Committed for the 106th time!
Parse Time: 12.862s
Commit Time: 0.002s
Error adding: Oldham Cricket Club
Error adding: Denarius
Error adding: Jackknife
Error adding: Luffa
Error adding: Kimono
Error adding: Sconce
Error adding: Culture
Error adding: Houseplant
Error adding: Waxed paper
Error adding: Japanese tea ceremony
Committed for the 107th time!
Parse Time: 4.278s
Commit Time: 0.002s
Error adding: Sideboard
Error adding: Movie
Error adding: Holland
Error adding: The Netherlands
Error adding: Isotope
Error adding: Crushing by elephant
Error adding: Power network
Error adding: Citizenship
Error adding: Elephant
Error adding: Buddhism
Committed for the 108th time!
Parse Time: 9.168s
Commit Time: 0.002s
Error adding: Story
Error adding: Governor General
Error adding: Black hole
Error adding: Sheffield
Error adding: Fertilizer
Error adding: Military
Error adding: Photosynthesis
Error adding: Casserole
Error adding: Plate
Error adding: Flea
Committed for the 109th time!
Parse Time: 8.679s
Commit Time: 0.002s
Error adding: Terrorism
Error adding: South Africa
Error adding: Andorra
Error adding: Portsmouth Football Club
Error adding: Hiroshima
Error adding: Richter scale
Error adding: Day
Error adding: Phases of the Moon
Error adding: Sphere
Error adding: Quantity
Committed for the 110th time!
Parse Time: 10.778s
Commit Time: 0.002s
Error adding: Advertising
Error adding: Buddha
Error adding: Flag of the United States
Error adding: America
Error adding: Ecological Yield
Error adding: Mahatma Gandhi
Error adding: Schizophrenia
Error adding: Drink
Error adding: ASCII-art
Error adding: Need
Committed for the 111th time!
Parse Time: 11.665s
Commit Time: 0.002s
Error adding: Freeware
Error adding: Yahoo!
Error adding: Mecca
Error adding: Arabian Peninsula
Error adding: Muslim world
Error adding: South
Error adding: Central America
Error adding: French language
Error adding: Prime minister
Error adding: Greenland
Committed for the 112th time!
Parse Time: 7.057s
Commit Time: 0.002s
Error adding: Soviet Union
Error adding: Monarch
Error adding: Unit
Error adding: Uncle
Error adding: Shakespeare
Error adding: Information
Error adding: Airport
Error adding: Ice
Error adding: Travel
Error adding: CNN
Committed for the 113th time!
Parse Time: 5.611s
Commit Time: 0.002s
Error adding: Leader
Error adding: Blackboard
Error adding: Linux
Error adding: Open source
Error adding: Desktop environment
Error adding: OpenOffice
Error adding: Download
Error adding: GNOME
Error adding: Dog
Error adding: Blind
Committed for the 114th time!
Parse Time: 9.905s
Commit Time: 0.002s
Error adding: Blindness
Error adding: Dutton Speedwords
Error adding: Arctic
Error adding: Sin
Error adding: Summer
Error adding: Month
Error adding: Alberta
Error adding: Electronics
Error adding: Scalar
Error adding: Photon
Committed for the 115th time!
Parse Time: 5.385s
Commit Time: 0.002s
Error adding: Vector
Error adding: Soap bubble
Error adding: Mathematical
Error adding: Fire Brigades Union
Error adding: Accelerate
Error adding: Bicycle
Error adding: Wheel
Error adding: Physical exercise
Error adding: Percentage
Error adding: Writing
Committed for the 116th time!
Parse Time: 4.315s
Commit Time: 0.002s
Error adding: Rock
Error adding: Plato
Error adding: Book
Error adding: Sundial
Error adding: Penninsula
Error adding: Peninsula
Error adding: Derivative
Error adding: Combinatorial game theory
Error adding: Nim
Error adding: CGT
Committed for the 117th time!
Parse Time: 5.189s
Commit Time: 0.002s
Error adding: Mathematic
Error adding: Windows operating system
Error adding: Blue
Error adding: Memory
Error adding: Symbols
Error adding: Animals
Error adding: Murder
Error adding: Bird
Error adding: Freedom of speech
Error adding: Democratic
Committed for the 118th time!
Parse Time: 3.428s
Commit Time: 0.002s
Error adding: Vatican
Error adding: Banana
Error adding: Biel/Bienne, Switzerland
Error adding: Biel Mean Time
Error adding: Swatch Internet Time
Error adding: Test tube
Error adding: Beaker
Error adding: Crucible
Error adding: Crucibles
Error adding: Beakers
Committed for the 119th time!
Parse Time: 3.258s
Commit Time: 0.002s
Error adding: Test tubes
Error adding: Lithium
Error adding: Beryllium
Error adding: Data compression
Error adding: Compiler
Error adding: Eye
Error adding: Tongue-twister
Error adding: AbiWord
Error adding: Insect
Error adding: List of operating systems
Committed for the 120th time!
Parse Time: 5.744s
Commit Time: 0.002s
Error adding: Computer jargon
Error adding: Million
Error adding: 1000 (number)
Error adding: Gross domestic product
Error adding: GDP
Error adding: Cricket
Error adding: Track and field athletics
Error adding: Badminton
Error adding: Computer Science
Error adding: Chemical warfare
Committed for the 121th time!
Parse Time: 6.560s
Commit Time: 0.002s
Error adding: Iran
Error adding: Gautama Buddha
Error adding: Siddhartha Gautama
Error adding: North
Error adding: List of Portuguese football teams
Error adding: Epiphany (software)
Error adding: Video game console
Error adding: PlayStation
Error adding: Election
Error adding: Medicine
Committed for the 122th time!
Parse Time: 9.597s
Commit Time: 0.002s
Error adding: Transport
Error adding: Road
Error adding: 2004
Error adding: Hawaiian Islands
Error adding: Mauna Kea
Error adding: Mauna Loa
Error adding: Kilauea
Error adding: Hawaiian islands
Error adding: Fried
Error adding: Van
Committed for the 123th time!
Parse Time: 3.205s
Commit Time: 0.002s
Error adding: Luggage
Error adding: Pan
Error adding: Pantograph
Error adding: Paperback
Error adding: Palette
Error adding: Glow-worm
Error adding: Palette knife
Error adding: Foolscap
Error adding: Polymer
Error adding: Medium
Committed for the 124th time!
Parse Time: 1.323s
Commit Time: 0.002s
Error adding: Phrase
Error adding: Preposition
Error adding: Possess
Error adding: Pronoun
Error adding: Adverb
Error adding: Sunday
Error adding: Ottawa
Error adding: News agency
Error adding: Mudguard
Error adding: Para rubber tree
Committed for the 125th time!
Parse Time: 3.107s
Commit Time: 0.002s
Error adding: Safety curtain
Error adding: Safety lamp
Error adding: Christmas stocking
Error adding: List of Austrian football teams
Error adding: 2001
Error adding: Sex
Error adding: Hacksaw
Error adding: Spade
Error adding: Hoe (tool)
Error adding: Shovel
Committed for the 126th time!
Parse Time: 4.130s
Commit Time: 0.002s
Error adding: Plunger
Error adding: Ladder
Error adding: Open end spanner
Error adding: Adjustable spanner
Error adding: Oral history
Error adding: Generation
Error adding: Gene
Error adding: Alliteration
Error adding: Homophone
Error adding: Condensation
Committed for the 127th time!
Parse Time: 2.389s
Commit Time: 0.002s
Error adding: Precipitation
Error adding: Relief rain
Error adding: Convection rain
Error adding: Relative humidity
Error adding: Doldrums
Error adding: Vitamin C
Error adding: Dichlorphenolindophenol
Error adding: Healthy diet
Error adding: Dye
Error adding: Oxidized
Committed for the 128th time!
Parse Time: 1.270s
Commit Time: 0.002s
Error adding: Poetry
Error adding: Literature
Error adding: Imagination
Error adding: Calorimeter
Error adding: Bolus
Error adding: Oesophagus
Error adding: Protease
Error adding: Dental floss
Error adding: Rickets
Error adding: Bile
Committed for the 129th time!
Parse Time: 2.828s
Commit Time: 0.002s
Error adding: Dental pulp
Error adding: Protoplasm
Error adding: Amylase
Error adding: Variegated leaf
Error adding: Seam ripper
Error adding: Plaque
Error adding: Pin cushion
Error adding: Chemical cell
Error adding: Das Lied der Deutschen
Error adding: Cavity
Committed for the 130th time!
Parse Time: 2.146s
Commit Time: 0.003s
Error adding: Evidence
Error adding: Dyadic
Error adding: Hill
Error adding: Enzyme
Error adding: Mountain
Error adding: Machine code
Error adding: Area
Error adding: Air space
Error adding: Web page
Error adding: Swamp cooler
Committed for the 131th time!
Parse Time: 8.401s
Commit Time: 0.002s
Error adding: Saskatoon
Error adding: Glass rod
Error adding: Thermometer
Error adding: Week
Error adding: Suffix
Error adding: Japanese language
Error adding: Spice
Error adding: Flavor
Error adding: Muslim
Error adding: Bank
Committed for the 132th time!
Parse Time: 5.203s
Commit Time: 0.002s
Error adding: Halley's Comet
Error adding: Hubble Space Telescope
Error adding: Motion sensor
Error adding: Arm
Error adding: Arrow
Error adding: Deceleration
Error adding: Golf
Error adding: Spirituality
Error adding: 2002
Error adding: 2003
Committed for the 133th time!
Parse Time: 6.211s
Commit Time: 0.002s
Error adding: 1999
Error adding: 1998
Error adding: 1997
Error adding: 1996
Error adding: 1995
Error adding: 1994
Error adding: 1993
Error adding: 1992
Error adding: 1991
Error adding: 2005
Committed for the 134th time!
Parse Time: 8.354s
Commit Time: 0.002s
Error adding: 2006
Error adding: 2007
Error adding: 1989
Error adding: Common year
Error adding: Centuries
Error adding: Decades
Error adding: Decade
Error adding: 19th century
Error adding: 21st century
Error adding: Ijtihad
Committed for the 135th time!
Parse Time: 3.589s
Commit Time: 0.002s
Error adding: Standard temperature and pressure
Error adding: STP
Error adding: Human being
Error adding: Jungle
Error adding: Light
Error adding: Stockholm
Error adding: Rain
Error adding: 2009
Error adding: Gambling
Error adding: Monty Python
Committed for the 136th time!
Parse Time: 7.486s
Commit Time: 0.002s
Error adding: Time zone
Error adding: Market
Error adding: Electron
Error adding: Chile
Error adding: Ambassador
Error adding: Monday
Error adding: Nuclear war
Error adding: Tax
Error adding: Florida
Error adding: Mario
Committed for the 137th time!
Parse Time: 8.303s
Commit Time: 0.002s
Error adding: Video game
Error adding: Oboe
Error adding: GURPS
Error adding: Eric Idle
Error adding: Enemy
Error adding: 2000
Error adding: Adelaide
Error adding: Yoshi
Error adding: Lake
Error adding: French
Committed for the 138th time!
Parse Time: 5.838s
Commit Time: 0.002s
Error adding: East
Error adding: Tire
Error adding: Population
Error adding: World war
Error adding: Snow
Error adding: West
Error adding: List of physics topics
Error adding: President
Error adding: List of colors
Error adding: List of lakes
Committed for the 139th time!
Parse Time: 7.061s
Commit Time: 0.002s
Error adding: Galileo Galilei
Error adding: Agreement
Error adding: Promise
Error adding: Cloud
Error adding: Water cycle
Error adding: Water vapor
Error adding: Solid
Error adding: Evaporation
Error adding: Contract
Error adding: Face
Committed for the 140th time!
Parse Time: 9.311s
Commit Time: 0.002s
Error adding: Kolkata
Error adding: Pencil
Error adding: Logic
Error adding: Communism
Error adding: Resurrection
Error adding: Monarchy
Error adding: North Korea
Error adding: Parliament
Error adding: Turing test
Error adding: Fuel
Committed for the 141th time!
Parse Time: 16.537s
Commit Time: 0.002s
Error adding: List of volcanoes
Error adding: Estonia
Error adding: Republic of Cyprus
Error adding: Latvia
Error adding: Lithuania
Error adding: Malta
Error adding: List of Soviet Union-related topics
Error adding: Comoving distance
Error adding: Shaanxi
Error adding: Lisbon
Committed for the 142th time!
Parse Time: 6.283s
Commit Time: 0.002s
Error adding: Surfing
Error adding: Lyon
Error adding: George W. Bush
Error adding: Organic compound
Error adding: Coal
Error adding: Lyons
Error adding: Petroleum
Error adding: Natural gas
Error adding: Energy
Error adding: Jewel
Committed for the 143th time!
Parse Time: 12.662s
Commit Time: 0.002s
Error adding: Xenon
Error adding: Kuala Lumpur
Error adding: List of elements by name
Error adding: Speed of light
Error adding: Denial
Error adding: Tokyo
Error adding: Laozi
Error adding: List of physicists
Error adding: State of Denial
Error adding: Brass
Committed for the 144th time!
Parse Time: 3.764s
Commit Time: 0.002s
Error adding: Body
Error adding: Alloy
Error adding: Material
Error adding: Brain
Error adding: Neuron
Error adding: Middle East
Error adding: Warsaw
Error adding: Hindu–Arabic numeral system
Error adding: Point (geometry)
Error adding: Line
Committed for the 145th time!
Parse Time: 8.210s
Commit Time: 0.002s
Traceback (most recent call last):
  File "wiki_db.py", line 108, in <module>
    main()
  File "wiki_db.py", line 90, in main
    inserts = wiki_dump.parse_n_pages(amount)
  File "/Users/hayesrichn/IUI_Wiki_Comp/modules/wiki_dump.py", line 74, in parse_n_pages
    article = self._parse_page()
  File "/Users/hayesrichn/IUI_Wiki_Comp/modules/wiki_dump.py", line 118, in _parse_page
    article.calculate_scores()
  File "/Users/hayesrichn/IUI_Wiki_Comp/modules/wiki_analysis.py", line 61, in calculate_scores
    self.author_scores()
  File "/Users/hayesrichn/IUI_Wiki_Comp/modules/wiki_analysis.py", line 73, in author_scores
    self.scores["author_diversity"] = len(authors) / len(self.revisions)
ZeroDivisionError: division by zero
