CREATE TABLE connectivity_graph AS SELECT A.real_id as authA, B.real_id as authB, COUNT(*)
FROM public."revisionHistory" A, public."revisionHistory" B
WHERE A.article_id = B.article_id AND A.real_id != B.real_id
GROUP BY autha, authb
ORDER BY autha;
SELECT 49475798
psql: error: connection to server on socket "/tmp/.s.PGSQL.5432" failed: FATAL:  database "dumps/author_sum.sql" does not exist
CREATE TABLE author_sum AS
SELECT A.article_id AS article_id, SUM(F.count) AS count
FROM public."revisionHistory" A, public."revisionHistory" B, public."filtered_graph" F
WHERE A.article_id = B.article_id AND 
      A.real_id != B.real_id AND 
      F.autha = A.real_id AND 
      F.authb = B.real_id
GROUP BY A.article_id;
SELECT 176636
ALTER TABLE article ADD full_author_density BIGINT;
ALTER TABLE
CREATE TABLE complete_author_sum AS
SELECT A.article_id AS article_id, SUM(F.count) AS count
FROM public."revisionHistory" A, public."revisionHistory" B, public."connectivity_graph" F
WHERE A.article_id = B.article_id AND 
      A.real_id != B.real_id AND 
      F.autha = A.real_id AND 
      F.authb = B.real_id
GROUP BY A.article_id;
